Version 4.0 HI-TECH Software Intermediate Code
"62 ECU_layer/KeyPad/../../MCAL_layer/GPIO/hal_gpio.h
[; ;ECU_layer/KeyPad/../../MCAL_layer/GPIO/hal_gpio.h: 62: typedef struct{
[s S273 :3 `uc 1 :3 `uc 1 :1 `uc 1 :1 `uc 1 ]
[n S273 . port pin direction logic ]
"28 ECU_layer/KeyPad/ecu_keypad.h
[; ;ECU_layer/KeyPad/ecu_keypad.h: 28: typedef struct{
[s S274 `S273 -> 4 `i `S273 -> 6 `i ]
[n S274 . keypad_row_pins keypad_column_pins ]
"75 ECU_layer/KeyPad/../../MCAL_layer/GPIO/hal_gpio.h
[; ;ECU_layer/KeyPad/../../MCAL_layer/GPIO/hal_gpio.h: 75: Std_ReturnType gpio_pin_intialize(const pin_config_t *_pin_config);
[v _gpio_pin_intialize `(uc ~T0 @X0 0 ef1`*CS273 ]
"70
[; ;ECU_layer/KeyPad/../../MCAL_layer/GPIO/hal_gpio.h: 70: Std_ReturnType gpio_pin_direction_intialize(const pin_config_t *_pin_config);
[v _gpio_pin_direction_intialize `(uc ~T0 @X0 0 ef1`*CS273 ]
"59 ECU_layer/KeyPad/ecu_keypad.c
[; ;ECU_layer/KeyPad/ecu_keypad.c: 59:     logic_t column_logic = GPIO_LOW;
[c E2965 0 1 .. ]
[n E2965 . GPIO_LOW GPIO_HIGH  ]
"72 ECU_layer/KeyPad/../../MCAL_layer/GPIO/hal_gpio.h
[; ;ECU_layer/KeyPad/../../MCAL_layer/GPIO/hal_gpio.h: 72: Std_ReturnType gpio_pin_write_logic(const pin_config_t *_pin_config, logic_t logic);
[v _gpio_pin_write_logic `(uc ~T0 @X0 0 ef2`*CS273`E2965 ]
[v F2942 `(v ~T0 @X0 1 tf1`ul ]
"12 C:/Program Files/Microchip/MPLABX/v6.00/packs/Microchip/PIC18Fxxxx_DFP/1.3.36/xc8\pic\include\builtins.h
[v __delay `JF2942 ~T0 @X0 0 e ]
[p i __delay ]
"73 ECU_layer/KeyPad/../../MCAL_layer/GPIO/hal_gpio.h
[; ;ECU_layer/KeyPad/../../MCAL_layer/GPIO/hal_gpio.h: 73: Std_ReturnType gpio_pin_read_logic(const pin_config_t *_pin_config, logic_t *logic);
[v _gpio_pin_read_logic `(uc ~T0 @X0 0 ef2`*CS273`*E2965 ]
"55 C:/Program Files/Microchip/MPLABX/v6.00/packs/Microchip/PIC18Fxxxx_DFP/1.3.36/xc8\pic\include\proc\pic18f4620.h
[; <" PORTA equ 0F80h ;# ">
"192
[; <" PORTB equ 0F81h ;# ">
"363
[; <" PORTC equ 0F82h ;# ">
"538
[; <" PORTD equ 0F83h ;# ">
"680
[; <" PORTE equ 0F84h ;# ">
"883
[; <" LATA equ 0F89h ;# ">
"995
[; <" LATB equ 0F8Ah ;# ">
"1107
[; <" LATC equ 0F8Bh ;# ">
"1219
[; <" LATD equ 0F8Ch ;# ">
"1331
[; <" LATE equ 0F8Dh ;# ">
"1383
[; <" TRISA equ 0F92h ;# ">
"1388
[; <" DDRA equ 0F92h ;# ">
"1605
[; <" TRISB equ 0F93h ;# ">
"1610
[; <" DDRB equ 0F93h ;# ">
"1827
[; <" TRISC equ 0F94h ;# ">
"1832
[; <" DDRC equ 0F94h ;# ">
"2049
[; <" TRISD equ 0F95h ;# ">
"2054
[; <" DDRD equ 0F95h ;# ">
"2271
[; <" TRISE equ 0F96h ;# ">
"2276
[; <" DDRE equ 0F96h ;# ">
"2435
[; <" OSCTUNE equ 0F9Bh ;# ">
"2500
[; <" PIE1 equ 0F9Dh ;# ">
"2577
[; <" PIR1 equ 0F9Eh ;# ">
"2654
[; <" IPR1 equ 0F9Fh ;# ">
"2731
[; <" PIE2 equ 0FA0h ;# ">
"2797
[; <" PIR2 equ 0FA1h ;# ">
"2863
[; <" IPR2 equ 0FA2h ;# ">
"2929
[; <" EECON1 equ 0FA6h ;# ">
"2995
[; <" EECON2 equ 0FA7h ;# ">
"3002
[; <" EEDATA equ 0FA8h ;# ">
"3009
[; <" EEADR equ 0FA9h ;# ">
"3016
[; <" EEADRH equ 0FAAh ;# ">
"3023
[; <" RCSTA equ 0FABh ;# ">
"3028
[; <" RCSTA1 equ 0FABh ;# ">
"3233
[; <" TXSTA equ 0FACh ;# ">
"3238
[; <" TXSTA1 equ 0FACh ;# ">
"3489
[; <" TXREG equ 0FADh ;# ">
"3494
[; <" TXREG1 equ 0FADh ;# ">
"3501
[; <" RCREG equ 0FAEh ;# ">
"3506
[; <" RCREG1 equ 0FAEh ;# ">
"3513
[; <" SPBRG equ 0FAFh ;# ">
"3518
[; <" SPBRG1 equ 0FAFh ;# ">
"3525
[; <" SPBRGH equ 0FB0h ;# ">
"3532
[; <" T3CON equ 0FB1h ;# ">
"3644
[; <" TMR3 equ 0FB2h ;# ">
"3651
[; <" TMR3L equ 0FB2h ;# ">
"3658
[; <" TMR3H equ 0FB3h ;# ">
"3665
[; <" CMCON equ 0FB4h ;# ">
"3755
[; <" CVRCON equ 0FB5h ;# ">
"3834
[; <" ECCP1AS equ 0FB6h ;# ">
"3916
[; <" PWM1CON equ 0FB7h ;# ">
"3986
[; <" BAUDCON equ 0FB8h ;# ">
"3991
[; <" BAUDCTL equ 0FB8h ;# ">
"4158
[; <" CCP2CON equ 0FBAh ;# ">
"4237
[; <" CCPR2 equ 0FBBh ;# ">
"4244
[; <" CCPR2L equ 0FBBh ;# ">
"4251
[; <" CCPR2H equ 0FBCh ;# ">
"4258
[; <" CCP1CON equ 0FBDh ;# ">
"4355
[; <" CCPR1 equ 0FBEh ;# ">
"4362
[; <" CCPR1L equ 0FBEh ;# ">
"4369
[; <" CCPR1H equ 0FBFh ;# ">
"4376
[; <" ADCON2 equ 0FC0h ;# ">
"4447
[; <" ADCON1 equ 0FC1h ;# ">
"4532
[; <" ADCON0 equ 0FC2h ;# ">
"4651
[; <" ADRES equ 0FC3h ;# ">
"4658
[; <" ADRESL equ 0FC3h ;# ">
"4665
[; <" ADRESH equ 0FC4h ;# ">
"4672
[; <" SSPCON2 equ 0FC5h ;# ">
"4734
[; <" SSPCON1 equ 0FC6h ;# ">
"4804
[; <" SSPSTAT equ 0FC7h ;# ">
"5025
[; <" SSPADD equ 0FC8h ;# ">
"5032
[; <" SSPBUF equ 0FC9h ;# ">
"5039
[; <" T2CON equ 0FCAh ;# ">
"5110
[; <" PR2 equ 0FCBh ;# ">
"5115
[; <" MEMCON equ 0FCBh ;# ">
"5220
[; <" TMR2 equ 0FCCh ;# ">
"5227
[; <" T1CON equ 0FCDh ;# ">
"5330
[; <" TMR1 equ 0FCEh ;# ">
"5337
[; <" TMR1L equ 0FCEh ;# ">
"5344
[; <" TMR1H equ 0FCFh ;# ">
"5351
[; <" RCON equ 0FD0h ;# ">
"5484
[; <" WDTCON equ 0FD1h ;# ">
"5512
[; <" HLVDCON equ 0FD2h ;# ">
"5517
[; <" LVDCON equ 0FD2h ;# ">
"5782
[; <" OSCCON equ 0FD3h ;# ">
"5859
[; <" T0CON equ 0FD5h ;# ">
"5936
[; <" TMR0 equ 0FD6h ;# ">
"5943
[; <" TMR0L equ 0FD6h ;# ">
"5950
[; <" TMR0H equ 0FD7h ;# ">
"5957
[; <" STATUS equ 0FD8h ;# ">
"6028
[; <" FSR2 equ 0FD9h ;# ">
"6035
[; <" FSR2L equ 0FD9h ;# ">
"6042
[; <" FSR2H equ 0FDAh ;# ">
"6049
[; <" PLUSW2 equ 0FDBh ;# ">
"6056
[; <" PREINC2 equ 0FDCh ;# ">
"6063
[; <" POSTDEC2 equ 0FDDh ;# ">
"6070
[; <" POSTINC2 equ 0FDEh ;# ">
"6077
[; <" INDF2 equ 0FDFh ;# ">
"6084
[; <" BSR equ 0FE0h ;# ">
"6091
[; <" FSR1 equ 0FE1h ;# ">
"6098
[; <" FSR1L equ 0FE1h ;# ">
"6105
[; <" FSR1H equ 0FE2h ;# ">
"6112
[; <" PLUSW1 equ 0FE3h ;# ">
"6119
[; <" PREINC1 equ 0FE4h ;# ">
"6126
[; <" POSTDEC1 equ 0FE5h ;# ">
"6133
[; <" POSTINC1 equ 0FE6h ;# ">
"6140
[; <" INDF1 equ 0FE7h ;# ">
"6147
[; <" WREG equ 0FE8h ;# ">
"6159
[; <" FSR0 equ 0FE9h ;# ">
"6166
[; <" FSR0L equ 0FE9h ;# ">
"6173
[; <" FSR0H equ 0FEAh ;# ">
"6180
[; <" PLUSW0 equ 0FEBh ;# ">
"6187
[; <" PREINC0 equ 0FECh ;# ">
"6194
[; <" POSTDEC0 equ 0FEDh ;# ">
"6201
[; <" POSTINC0 equ 0FEEh ;# ">
"6208
[; <" INDF0 equ 0FEFh ;# ">
"6215
[; <" INTCON3 equ 0FF0h ;# ">
"6307
[; <" INTCON2 equ 0FF1h ;# ">
"6377
[; <" INTCON equ 0FF2h ;# ">
"6494
[; <" PROD equ 0FF3h ;# ">
"6501
[; <" PRODL equ 0FF3h ;# ">
"6508
[; <" PRODH equ 0FF4h ;# ">
"6515
[; <" TABLAT equ 0FF5h ;# ">
"6524
[; <" TBLPTR equ 0FF6h ;# ">
"6531
[; <" TBLPTRL equ 0FF6h ;# ">
"6538
[; <" TBLPTRH equ 0FF7h ;# ">
"6545
[; <" TBLPTRU equ 0FF8h ;# ">
"6554
[; <" PCLAT equ 0FF9h ;# ">
"6561
[; <" PC equ 0FF9h ;# ">
"6568
[; <" PCL equ 0FF9h ;# ">
"6575
[; <" PCLATH equ 0FFAh ;# ">
"6582
[; <" PCLATU equ 0FFBh ;# ">
"6589
[; <" STKPTR equ 0FFCh ;# ">
"6695
[; <" TOS equ 0FFDh ;# ">
"6702
[; <" TOSL equ 0FFDh ;# ">
"6709
[; <" TOSH equ 0FFEh ;# ">
"6716
[; <" TOSU equ 0FFFh ;# ">
[v F3035 `Cuc ~T0 @X0 -> 6 `i t ]
"20 ECU_layer/KeyPad/ecu_keypad.c
[; ;ECU_layer/KeyPad/ecu_keypad.c: 20: static const uint8 btn_values[4][6] = {
[v _btn_values `F3035 ~T0 @X0 -> 4 `i s ]
[i _btn_values
:U ..
:U ..
-> -> 65 `ui `uc
-> -> 55 `ui `uc
-> -> 56 `ui `uc
-> -> 57 `ui `uc
-> -> 47 `ui `uc
-> -> 69 `ui `uc
..
:U ..
-> -> 66 `ui `uc
-> -> 52 `ui `uc
-> -> 53 `ui `uc
-> -> 54 `ui `uc
-> -> 42 `ui `uc
-> -> 70 `ui `uc
..
:U ..
-> -> 67 `ui `uc
-> -> 49 `ui `uc
-> -> 50 `ui `uc
-> -> 51 `ui `uc
-> -> 45 `ui `uc
-> -> 70 `ui `uc
..
:U ..
-> -> 68 `ui `uc
-> -> 48 `ui `uc
-> -> 46 `ui `uc
-> -> 61 `ui `uc
-> -> 43 `ui `uc
-> -> 71 `ui `uc
..
..
]
"33
[; ;ECU_layer/KeyPad/ecu_keypad.c: 33: Std_ReturnType keypad_initialize(const keypad_t *_keypad_obj){
[v _keypad_initialize `(uc ~T0 @X0 1 ef1`*CS274 ]
{
[e :U _keypad_initialize ]
[v __keypad_obj `*CS274 ~T0 @X0 1 r1 ]
[f ]
"34
[; ;ECU_layer/KeyPad/ecu_keypad.c: 34:     Std_ReturnType ret = (Std_ReturnType)0x01;
[v _ret `uc ~T0 @X0 1 a ]
[e = _ret -> -> 1 `i `uc ]
"35
[; ;ECU_layer/KeyPad/ecu_keypad.c: 35:     uint8 row_counter = 0, columns_counter = 0;
[v _row_counter `uc ~T0 @X0 1 a ]
[e = _row_counter -> -> 0 `i `uc ]
[v _columns_counter `uc ~T0 @X0 1 a ]
[e = _columns_counter -> -> 0 `i `uc ]
"36
[; ;ECU_layer/KeyPad/ecu_keypad.c: 36:     if(((void*)0) == _keypad_obj){
[e $ ! == -> -> -> 0 `i `*v `*CS274 __keypad_obj 276  ]
{
"37
[; ;ECU_layer/KeyPad/ecu_keypad.c: 37:         ret = (Std_ReturnType)0x00;
[e = _ret -> -> 0 `i `uc ]
"38
[; ;ECU_layer/KeyPad/ecu_keypad.c: 38:     }
}
[e $U 277  ]
"39
[; ;ECU_layer/KeyPad/ecu_keypad.c: 39:     else{
[e :U 276 ]
{
"40
[; ;ECU_layer/KeyPad/ecu_keypad.c: 40:         for(row_counter = 0; row_counter < 4; row_counter++){
{
[e = _row_counter -> -> 0 `i `uc ]
[e $ < -> _row_counter `i -> 4 `i 278  ]
[e $U 279  ]
[e :U 278 ]
{
"41
[; ;ECU_layer/KeyPad/ecu_keypad.c: 41:             ret = gpio_pin_intialize(&(_keypad_obj->keypad_row_pins[row_counter]));
[e = _ret ( _gpio_pin_intialize (1 &U *U + &U . *U __keypad_obj 0 * -> _row_counter `ux -> -> # *U &U . *U __keypad_obj 0 `ui `ux ]
"42
[; ;ECU_layer/KeyPad/ecu_keypad.c: 42:         }
}
[e ++ _row_counter -> -> 1 `i `uc ]
[e $ < -> _row_counter `i -> 4 `i 278  ]
[e :U 279 ]
}
"43
[; ;ECU_layer/KeyPad/ecu_keypad.c: 43:         for(columns_counter = 0; columns_counter < 6 ; columns_counter++){
{
[e = _columns_counter -> -> 0 `i `uc ]
[e $ < -> _columns_counter `i -> 6 `i 281  ]
[e $U 282  ]
[e :U 281 ]
{
"44
[; ;ECU_layer/KeyPad/ecu_keypad.c: 44:             ret = gpio_pin_direction_intialize(&(_keypad_obj->keypad_column_pins[columns_counter]));
[e = _ret ( _gpio_pin_direction_intialize (1 &U *U + &U . *U __keypad_obj 1 * -> _columns_counter `ux -> -> # *U &U . *U __keypad_obj 1 `ui `ux ]
"45
[; ;ECU_layer/KeyPad/ecu_keypad.c: 45:         }
}
[e ++ _columns_counter -> -> 1 `i `uc ]
[e $ < -> _columns_counter `i -> 6 `i 281  ]
[e :U 282 ]
}
"46
[; ;ECU_layer/KeyPad/ecu_keypad.c: 46:     }
}
[e :U 277 ]
"47
[; ;ECU_layer/KeyPad/ecu_keypad.c: 47:     return ret;
[e ) _ret ]
[e $UE 275  ]
"48
[; ;ECU_layer/KeyPad/ecu_keypad.c: 48: }
[e :UE 275 ]
}
"56
[; ;ECU_layer/KeyPad/ecu_keypad.c: 56: Std_ReturnType keypad_get_value(const keypad_t *_keypad_obj, uint8 *value){
[v _keypad_get_value `(uc ~T0 @X0 1 ef2`*CS274`*uc ]
{
[e :U _keypad_get_value ]
[v __keypad_obj `*CS274 ~T0 @X0 1 r1 ]
[v _value `*uc ~T0 @X0 1 r2 ]
[f ]
"57
[; ;ECU_layer/KeyPad/ecu_keypad.c: 57:     Std_ReturnType ret = (Std_ReturnType)0x01;
[v _ret `uc ~T0 @X0 1 a ]
[e = _ret -> -> 1 `i `uc ]
"58
[; ;ECU_layer/KeyPad/ecu_keypad.c: 58:     uint8 l_row_counter = 0, l_columns_counter = 0, l_counter = 0;
[v _l_row_counter `uc ~T0 @X0 1 a ]
[e = _l_row_counter -> -> 0 `i `uc ]
[v _l_columns_counter `uc ~T0 @X0 1 a ]
[e = _l_columns_counter -> -> 0 `i `uc ]
[v _l_counter `uc ~T0 @X0 1 a ]
[e = _l_counter -> -> 0 `i `uc ]
"59
[; ;ECU_layer/KeyPad/ecu_keypad.c: 59:     logic_t column_logic = GPIO_LOW;
[v _column_logic `E2965 ~T0 @X0 1 a ]
[e = _column_logic . `E2965 0 ]
"60
[; ;ECU_layer/KeyPad/ecu_keypad.c: 60:     if((((void*)0) == _keypad_obj)||(((void*)0) == value)){
[e $ ! || == -> -> -> 0 `i `*v `*CS274 __keypad_obj == -> -> -> 0 `i `*v `*uc _value 285  ]
{
"61
[; ;ECU_layer/KeyPad/ecu_keypad.c: 61:         ret = (Std_ReturnType)0x00;
[e = _ret -> -> 0 `i `uc ]
"62
[; ;ECU_layer/KeyPad/ecu_keypad.c: 62:     }
}
[e $U 286  ]
"63
[; ;ECU_layer/KeyPad/ecu_keypad.c: 63:     else{
[e :U 285 ]
{
"64
[; ;ECU_layer/KeyPad/ecu_keypad.c: 64:         for(l_row_counter = 0; l_row_counter < 4; l_row_counter++){
{
[e = _l_row_counter -> -> 0 `i `uc ]
[e $ < -> _l_row_counter `i -> 4 `i 287  ]
[e $U 288  ]
[e :U 287 ]
{
"65
[; ;ECU_layer/KeyPad/ecu_keypad.c: 65:             for(l_counter = 0; l_counter < 4; l_counter++){
{
[e = _l_counter -> -> 0 `i `uc ]
[e $ < -> _l_counter `i -> 4 `i 290  ]
[e $U 291  ]
[e :U 290 ]
{
"66
[; ;ECU_layer/KeyPad/ecu_keypad.c: 66:                 ret = gpio_pin_write_logic(&(_keypad_obj->keypad_row_pins[l_counter]), GPIO_LOW);
[e = _ret ( _gpio_pin_write_logic (2 , &U *U + &U . *U __keypad_obj 0 * -> _l_counter `ux -> -> # *U &U . *U __keypad_obj 0 `ui `ux . `E2965 0 ]
"67
[; ;ECU_layer/KeyPad/ecu_keypad.c: 67:             }
}
[e ++ _l_counter -> -> 1 `i `uc ]
[e $ < -> _l_counter `i -> 4 `i 290  ]
[e :U 291 ]
}
"68
[; ;ECU_layer/KeyPad/ecu_keypad.c: 68:             gpio_pin_write_logic(&(_keypad_obj->keypad_row_pins[l_row_counter]), GPIO_HIGH);
[e ( _gpio_pin_write_logic (2 , &U *U + &U . *U __keypad_obj 0 * -> _l_row_counter `ux -> -> # *U &U . *U __keypad_obj 0 `ui `ux . `E2965 1 ]
"69
[; ;ECU_layer/KeyPad/ecu_keypad.c: 69:             _delay((unsigned long)((50)*(8000000UL/4000.0)));
[e ( __delay (1 -> * -> -> 50 `i `d / -> -> 8000000 `ul `d .4000.0 `ul ]
"70
[; ;ECU_layer/KeyPad/ecu_keypad.c: 70:             for(l_columns_counter = 0; l_columns_counter < 6; l_columns_counter++){
{
[e = _l_columns_counter -> -> 0 `i `uc ]
[e $ < -> _l_columns_counter `i -> 6 `i 293  ]
[e $U 294  ]
[e :U 293 ]
{
"71
[; ;ECU_layer/KeyPad/ecu_keypad.c: 71:                 ret = gpio_pin_read_logic(&(_keypad_obj->keypad_column_pins[l_columns_counter]), &column_logic);
[e = _ret ( _gpio_pin_read_logic (2 , &U *U + &U . *U __keypad_obj 1 * -> _l_columns_counter `ux -> -> # *U &U . *U __keypad_obj 1 `ui `ux &U _column_logic ]
"72
[; ;ECU_layer/KeyPad/ecu_keypad.c: 72:                 if(GPIO_HIGH == column_logic){
[e $ ! == -> . `E2965 1 `ui -> _column_logic `ui 296  ]
{
"73
[; ;ECU_layer/KeyPad/ecu_keypad.c: 73:                     *value = btn_values[l_row_counter][l_columns_counter];
[e = *U _value *U + &U *U + &U _btn_values * -> _l_row_counter `ux -> * -> # *U &U *U &U _btn_values `ui -> -> 6 `i `ui `ux * -> _l_columns_counter `ux -> -> # *U &U *U + &U _btn_values * -> _l_row_counter `ux -> * -> # *U &U *U &U _btn_values `ui -> -> 6 `i `ui `ux `ui `ux ]
"74
[; ;ECU_layer/KeyPad/ecu_keypad.c: 74:                 }
}
[e :U 296 ]
"75
[; ;ECU_layer/KeyPad/ecu_keypad.c: 75:             }
}
[e ++ _l_columns_counter -> -> 1 `i `uc ]
[e $ < -> _l_columns_counter `i -> 6 `i 293  ]
[e :U 294 ]
}
"76
[; ;ECU_layer/KeyPad/ecu_keypad.c: 76:         }
}
[e ++ _l_row_counter -> -> 1 `i `uc ]
[e $ < -> _l_row_counter `i -> 4 `i 287  ]
[e :U 288 ]
}
"77
[; ;ECU_layer/KeyPad/ecu_keypad.c: 77:     }
}
[e :U 286 ]
"78
[; ;ECU_layer/KeyPad/ecu_keypad.c: 78:     return ret;
[e ) _ret ]
[e $UE 284  ]
"79
[; ;ECU_layer/KeyPad/ecu_keypad.c: 79: }
[e :UE 284 ]
}
